<?xml version="1.0" encoding="UTF-8"?>
<!-- Generated by org.testng.reporters.JUnitReportReporter -->
<testsuite hostname="DIYA" failures="0" tests="2" name="API.API_REST" time="10.947" errors="0" timestamp="2022-08-09T02:08:42 IST" skipped="0">
  <testcase classname="API.API_REST" name="findPetByID_PositiveTest" time="9.050"/>
  <system-out/>
  <testcase classname="API.API_REST" name="findPetByID_NegativeTest" time="1.897"/>
  <system-out/>
</testsuite> <!-- API.API_REST -->
