<?xml version="1.0" encoding="UTF-8"?>
<!-- Generated by org.testng.reporters.JUnitReportReporter -->
<testsuite hostname="DIYA" failures="0" tests="1" name="stepDefinitions.Test123" time="49.912" errors="0" timestamp="2022-08-08T21:43:41 IST" skipped="0">
  <testcase classname="stepDefinitions.Test123" name="test1" time="49.912"/>
  <system-out/>
</testsuite> <!-- stepDefinitions.Test123 -->
